# JRE version: OpenJDK Runtime Environment Temurin-21.0.5+11 (21.0.5+11) (build 21.0.5+11-LTS)
# Java VM: OpenJDK 64-Bit Server VM Temurin-21.0.5+11 (21.0.5+11-LTS, mixed mode, sharing, tiered, compressed oops, compressed class ptrs, parallel gc, windows-amd64)
GC Precious Log:
 CardTable entry size: 512
 CPUs: 16 total, 16 available
 Memory: 16085M
 Large Page Support: Disabled
 NUMA Support: Disabled
 Compressed Oops: Enabled (32-bit)
 Alignments: Space 512K, Generation 512K, Heap 2M
 Heap Min Capacity: 100M
 Heap Initial Capacity: 100M
 Heap Max Capacity: 1G
 Pre-touch: Disabled
 Parallel Workers: 13
Heap:
 PSYoungGen      total 23040K, used 20417K [0x00000000eab00000, 0x00000000ec780000, 0x0000000100000000)
  eden space 22016K, 88% used [0x00000000eab00000,0x00000000ebdf0810,0x00000000ec080000)
  from space 1024K, 99% used [0x00000000ec500000,0x00000000ec5ffca8,0x00000000ec600000)
  to   space 3584K, 0% used [0x00000000ec080000,0x00000000ec080000,0x00000000ec400000)
 ParOldGen       total 68608K, used 19058K [0x00000000c0000000, 0x00000000c4300000, 0x00000000eab00000)
  object space 68608K, 27% used [0x00000000c0000000,0x00000000c129cb08,0x00000000c4300000)
 Metaspace       used 31640K, committed 32704K, reserved 1114112K
  class space    used 3008K, committed 3456K, reserved 1048576K
GC Heap History (20 events):
Event: 11.820 GC heap before
{Heap before GC invocations=4 (full 0):
 PSYoungGen      total 29696K, used 29676K [0x00000000eab00000, 0x00000000ecc00000, 0x0000000100000000)
  eden space 25600K, 100% used [0x00000000eab00000,0x00000000ec400000,0x00000000ec400000)
  from space 4096K, 99% used [0x00000000ec400000,0x00000000ec7fb358,0x00000000ec800000)
  to   space 4096K, 0% used [0x00000000ec800000,0x00000000ec800000,0x00000000ecc00000)
 ParOldGen       total 68608K, used 5396K [0x00000000c0000000, 0x00000000c4300000, 0x00000000eab00000)
  object space 68608K, 7% used [0x00000000c0000000,0x00000000c0545308,0x00000000c4300000)
 Metaspace       used 9907K, committed 10304K, reserved 1114112K
  class space    used 967K, committed 1152K, reserved 1048576K
}
Event: 11.827 GC heap after
{Heap after GC invocations=4 (full 0):
 PSYoungGen      total 29696K, used 4093K [0x00000000eab00000, 0x00000000ecc00000, 0x0000000100000000)
  eden space 25600K, 0% used [0x00000000eab00000,0x00000000eab00000,0x00000000ec400000)
  from space 4096K, 99% used [0x00000000ec800000,0x00000000ecbff470,0x00000000ecc00000)
  to   space 4096K, 0% used [0x00000000ec400000,0x00000000ec400000,0x00000000ec800000)
 ParOldGen       total 68608K, used 9853K [0x00000000c0000000, 0x00000000c4300000, 0x00000000eab00000)
  object space 68608K, 14% used [0x00000000c0000000,0x00000000c099f760,0x00000000c4300000)
 Metaspace       used 9907K, committed 10304K, reserved 1114112K
  class space    used 967K, committed 1152K, reserved 1048576K
}
Event: 15.978 GC heap before
{Heap before GC invocations=5 (full 0):
 PSYoungGen      total 29696K, used 29612K [0x00000000eab00000, 0x00000000ecc00000, 0x0000000100000000)
  eden space 25600K, 99% used [0x00000000eab00000,0x00000000ec3ebd60,0x00000000ec400000)
  from space 4096K, 99% used [0x00000000ec800000,0x00000000ecbff470,0x00000000ecc00000)
  to   space 4096K, 0% used [0x00000000ec400000,0x00000000ec400000,0x00000000ec800000)
 ParOldGen       total 68608K, used 9853K [0x00000000c0000000, 0x00000000c4300000, 0x00000000eab00000)
  object space 68608K, 14% used [0x00000000c0000000,0x00000000c099f760,0x00000000c4300000)
 Metaspace       used 12814K, committed 13248K, reserved 1114112K
  class space    used 1251K, committed 1472K, reserved 1048576K
}
Event: 15.984 GC heap after
{Heap after GC invocations=5 (full 0):
 PSYoungGen      total 29184K, used 4090K [0x00000000eab00000, 0x00000000ed080000, 0x0000000100000000)
  eden space 25088K, 0% used [0x00000000eab00000,0x00000000eab00000,0x00000000ec380000)
  from space 4096K, 99% used [0x00000000ec400000,0x00000000ec7fe828,0x00000000ec800000)
  to   space 6656K, 0% used [0x00000000eca00000,0x00000000eca00000,0x00000000ed080000)
 ParOldGen       total 68608K, used 10605K [0x00000000c0000000, 0x00000000c4300000, 0x00000000eab00000)
  object space 68608K, 15% used [0x00000000c0000000,0x00000000c0a5b770,0x00000000c4300000)
 Metaspace       used 12814K, committed 13248K, reserved 1114112K
  class space    used 1251K, committed 1472K, reserved 1048576K
}
Event: 16.445 GC heap before
{Heap before GC invocations=6 (full 0):
 PSYoungGen      total 29184K, used 29178K [0x00000000eab00000, 0x00000000ed080000, 0x0000000100000000)
  eden space 25088K, 100% used [0x00000000eab00000,0x00000000ec380000,0x00000000ec380000)
  from space 4096K, 99% used [0x00000000ec400000,0x00000000ec7fe828,0x00000000ec800000)
  to   space 6656K, 0% used [0x00000000eca00000,0x00000000eca00000,0x00000000ed080000)
 ParOldGen       total 68608K, used 10605K [0x00000000c0000000, 0x00000000c4300000, 0x00000000eab00000)
  object space 68608K, 15% used [0x00000000c0000000,0x00000000c0a5b770,0x00000000c4300000)
 Metaspace       used 15986K, committed 16576K, reserved 1114112K
  class space    used 1545K, committed 1792K, reserved 1048576K
}
Event: 16.449 GC heap after
{Heap after GC invocations=6 (full 0):
 PSYoungGen      total 29696K, used 6626K [0x00000000eab00000, 0x00000000ed400000, 0x0000000100000000)
  eden space 23040K, 0% used [0x00000000eab00000,0x00000000eab00000,0x00000000ec180000)
  from space 6656K, 99% used [0x00000000eca00000,0x00000000ed078b90,0x00000000ed080000)
  to   space 8704K, 0% used [0x00000000ec180000,0x00000000ec180000,0x00000000eca00000)
 ParOldGen       total 68608K, used 11749K [0x00000000c0000000, 0x00000000c4300000, 0x00000000eab00000)
  object space 68608K, 17% used [0x00000000c0000000,0x00000000c0b79770,0x00000000c4300000)
 Metaspace       used 15986K, committed 16576K, reserved 1114112K
  class space    used 1545K, committed 1792K, reserved 1048576K
}
Event: 17.189 GC heap before
{Heap before GC invocations=7 (full 0):
 PSYoungGen      total 29696K, used 29666K [0x00000000eab00000, 0x00000000ed400000, 0x0000000100000000)
  eden space 23040K, 100% used [0x00000000eab00000,0x00000000ec180000,0x00000000ec180000)
  from space 6656K, 99% used [0x00000000eca00000,0x00000000ed078b90,0x00000000ed080000)
  to   space 8704K, 0% used [0x00000000ec180000,0x00000000ec180000,0x00000000eca00000)
 ParOldGen       total 68608K, used 11749K [0x00000000c0000000, 0x00000000c4300000, 0x00000000eab00000)
  object space 68608K, 17% used [0x00000000c0000000,0x00000000c0b79770,0x00000000c4300000)
 Metaspace       used 18875K, committed 19584K, reserved 1114112K
  class space    used 1845K, committed 2176K, reserved 1048576K
}
Event: 17.195 GC heap after
{Heap after GC invocations=7 (full 0):
 PSYoungGen      total 29696K, used 7011K [0x00000000eab00000, 0x00000000ed000000, 0x0000000100000000)
  eden space 22528K, 0% used [0x00000000eab00000,0x00000000eab00000,0x00000000ec100000)
  from space 7168K, 97% used [0x00000000ec180000,0x00000000ec858fc8,0x00000000ec880000)
  to   space 7680K, 0% used [0x00000000ec880000,0x00000000ec880000,0x00000000ed000000)
 ParOldGen       total 68608K, used 12948K [0x00000000c0000000, 0x00000000c4300000, 0x00000000eab00000)
  object space 68608K, 18% used [0x00000000c0000000,0x00000000c0ca5140,0x00000000c4300000)
 Metaspace       used 18875K, committed 19584K, reserved 1114112K
  class space    used 1845K, committed 2176K, reserved 1048576K
}
Event: 17.510 GC heap before
{Heap before GC invocations=8 (full 0):
 PSYoungGen      total 29696K, used 26148K [0x00000000eab00000, 0x00000000ed000000, 0x0000000100000000)
  eden space 22528K, 84% used [0x00000000eab00000,0x00000000ebdb0038,0x00000000ec100000)
  from space 7168K, 97% used [0x00000000ec180000,0x00000000ec858fc8,0x00000000ec880000)
  to   space 7680K, 0% used [0x00000000ec880000,0x00000000ec880000,0x00000000ed000000)
 ParOldGen       total 68608K, used 12948K [0x00000000c0000000, 0x00000000c4300000, 0x00000000eab00000)
  object space 68608K, 18% used [0x00000000c0000000,0x00000000c0ca5140,0x00000000c4300000)
 Metaspace       used 20792K, committed 21504K, reserved 1114112K
  class space    used 2062K, committed 2368K, reserved 1048576K
}
Event: 17.512 GC heap after
{Heap after GC invocations=8 (full 0):
 PSYoungGen      total 29696K, used 6876K [0x00000000eab00000, 0x00000000ecf80000, 0x0000000100000000)
  eden space 22528K, 0% used [0x00000000eab00000,0x00000000eab00000,0x00000000ec100000)
  from space 7168K, 95% used [0x00000000ec880000,0x00000000ecf372c0,0x00000000ecf80000)
  to   space 7168K, 0% used [0x00000000ec180000,0x00000000ec180000,0x00000000ec880000)
 ParOldGen       total 68608K, used 13651K [0x00000000c0000000, 0x00000000c4300000, 0x00000000eab00000)
  object space 68608K, 19% used [0x00000000c0000000,0x00000000c0d54cd0,0x00000000c4300000)
 Metaspace       used 20792K, committed 21504K, reserved 1114112K
  class space    used 2062K, committed 2368K, reserved 1048576K
}
Event: 17.512 GC heap before
{Heap before GC invocations=9 (full 1):
 PSYoungGen      total 29696K, used 6876K [0x00000000eab00000, 0x00000000ecf80000, 0x0000000100000000)
  eden space 22528K, 0% used [0x00000000eab00000,0x00000000eab00000,0x00000000ec100000)
  from space 7168K, 95% used [0x00000000ec880000,0x00000000ecf372c0,0x00000000ecf80000)
  to   space 7168K, 0% used [0x00000000ec180000,0x00000000ec180000,0x00000000ec880000)
 ParOldGen       total 68608K, used 13651K [0x00000000c0000000, 0x00000000c4300000, 0x00000000eab00000)
  object space 68608K, 19% used [0x00000000c0000000,0x00000000c0d54cd0,0x00000000c4300000)
 Metaspace       used 20792K, committed 21504K, reserved 1114112K
  class space    used 2062K, committed 2368K, reserved 1048576K
}
Event: 17.554 GC heap after
{Heap after GC invocations=9 (full 1):
 PSYoungGen      total 29696K, used 0K [0x00000000eab00000, 0x00000000ecf80000, 0x0000000100000000)
  eden space 22528K, 0% used [0x00000000eab00000,0x00000000eab00000,0x00000000ec100000)
  from space 7168K, 0% used [0x00000000ec880000,0x00000000ec880000,0x00000000ecf80000)
  to   space 7168K, 0% used [0x00000000ec180000,0x00000000ec180000,0x00000000ec880000)
 ParOldGen       total 68608K, used 15434K [0x00000000c0000000, 0x00000000c4300000, 0x00000000eab00000)
  object space 68608K, 22% used [0x00000000c0000000,0x00000000c0f12908,0x00000000c4300000)
 Metaspace       used 20779K, committed 21504K, reserved 1114112K
  class space    used 2058K, committed 2368K, reserved 1048576K
}
Event: 17.727 GC heap before
{Heap before GC invocations=10 (full 1):
 PSYoungGen      total 29696K, used 22249K [0x00000000eab00000, 0x00000000ecf80000, 0x0000000100000000)
  eden space 22528K, 98% used [0x00000000eab00000,0x00000000ec0ba5d8,0x00000000ec100000)
  from space 7168K, 0% used [0x00000000ec880000,0x00000000ec880000,0x00000000ecf80000)
  to   space 7168K, 0% used [0x00000000ec180000,0x00000000ec180000,0x00000000ec880000)
 ParOldGen       total 68608K, used 15434K [0x00000000c0000000, 0x00000000c4300000, 0x00000000eab00000)
  object space 68608K, 22% used [0x00000000c0000000,0x00000000c0f12908,0x00000000c4300000)
 Metaspace       used 22798K, committed 23616K, reserved 1114112K
  class space    used 2217K, committed 2560K, reserved 1048576K
}
Event: 17.729 GC heap after
{Heap after GC invocations=10 (full 1):
 PSYoungGen      total 23040K, used 969K [0x00000000eab00000, 0x00000000ec900000, 0x0000000100000000)
  eden space 22016K, 0% used [0x00000000eab00000,0x00000000eab00000,0x00000000ec080000)
  from space 1024K, 94% used [0x00000000ec180000,0x00000000ec272450,0x00000000ec280000)
  to   space 3584K, 0% used [0x00000000ec580000,0x00000000ec580000,0x00000000ec900000)
 ParOldGen       total 68608K, used 15442K [0x00000000c0000000, 0x00000000c4300000, 0x00000000eab00000)
  object space 68608K, 22% used [0x00000000c0000000,0x00000000c0f14908,0x00000000c4300000)
 Metaspace       used 22798K, committed 23616K, reserved 1114112K
  class space    used 2217K, committed 2560K, reserved 1048576K
}
Event: 17.961 GC heap before
{Heap before GC invocations=11 (full 1):
 PSYoungGen      total 23040K, used 22985K [0x00000000eab00000, 0x00000000ec900000, 0x0000000100000000)
  eden space 22016K, 100% used [0x00000000eab00000,0x00000000ec080000,0x00000000ec080000)
  from space 1024K, 94% used [0x00000000ec180000,0x00000000ec272450,0x00000000ec280000)
  to   space 3584K, 0% used [0x00000000ec580000,0x00000000ec580000,0x00000000ec900000)
 ParOldGen       total 68608K, used 15442K [0x00000000c0000000, 0x00000000c4300000, 0x00000000eab00000)
  object space 68608K, 22% used [0x00000000c0000000,0x00000000c0f14908,0x00000000c4300000)
 Metaspace       used 26231K, committed 27072K, reserved 1114112K
  class space    used 2468K, committed 2816K, reserved 1048576K
}
Event: 17.962 GC heap after
{Heap after GC invocations=11 (full 1):
 PSYoungGen      total 23040K, used 833K [0x00000000eab00000, 0x00000000ec680000, 0x0000000100000000)
  eden space 22016K, 0% used [0x00000000eab00000,0x00000000eab00000,0x00000000ec080000)
  from space 1024K, 81% used [0x00000000ec580000,0x00000000ec650780,0x00000000ec680000)
  to   space 1536K, 0% used [0x00000000ec380000,0x00000000ec380000,0x00000000ec500000)
 ParOldGen       total 68608K, used 15450K [0x00000000c0000000, 0x00000000c4300000, 0x00000000eab00000)
  object space 68608K, 22% used [0x00000000c0000000,0x00000000c0f16908,0x00000000c4300000)
 Metaspace       used 26231K, committed 27072K, reserved 1114112K
  class space    used 2468K, committed 2816K, reserved 1048576K
}
Event: 18.185 GC heap before
{Heap before GC invocations=12 (full 1):
 PSYoungGen      total 23040K, used 22849K [0x00000000eab00000, 0x00000000ec680000, 0x0000000100000000)
  eden space 22016K, 100% used [0x00000000eab00000,0x00000000ec080000,0x00000000ec080000)
  from space 1024K, 81% used [0x00000000ec580000,0x00000000ec650780,0x00000000ec680000)
  to   space 1536K, 0% used [0x00000000ec380000,0x00000000ec380000,0x00000000ec500000)
 ParOldGen       total 68608K, used 15450K [0x00000000c0000000, 0x00000000c4300000, 0x00000000eab00000)
  object space 68608K, 22% used [0x00000000c0000000,0x00000000c0f16908,0x00000000c4300000)
 Metaspace       used 27640K, committed 28480K, reserved 1114112K
  class space    used 2562K, committed 2880K, reserved 1048576K
}
Event: 18.187 GC heap after
{Heap after GC invocations=12 (full 1):
 PSYoungGen      total 23552K, used 1499K [0x00000000eab00000, 0x00000000ec600000, 0x0000000100000000)
  eden space 22016K, 0% used [0x00000000eab00000,0x00000000eab00000,0x00000000ec080000)
  from space 1536K, 97% used [0x00000000ec380000,0x00000000ec4f6da0,0x00000000ec500000)
  to   space 1024K, 0% used [0x00000000ec500000,0x00000000ec500000,0x00000000ec600000)
 ParOldGen       total 68608K, used 16858K [0x00000000c0000000, 0x00000000c4300000, 0x00000000eab00000)
  object space 68608K, 24% used [0x00000000c0000000,0x00000000c1076998,0x00000000c4300000)
 Metaspace       used 27640K, committed 28480K, reserved 1114112K
  class space    used 2562K, committed 2880K, reserved 1048576K
}
Event: 18.597 GC heap before
{Heap before GC invocations=13 (full 1):
 PSYoungGen      total 23552K, used 23515K [0x00000000eab00000, 0x00000000ec600000, 0x0000000100000000)
  eden space 22016K, 100% used [0x00000000eab00000,0x00000000ec080000,0x00000000ec080000)
  from space 1536K, 97% used [0x00000000ec380000,0x00000000ec4f6da0,0x00000000ec500000)
  to   space 1024K, 0% used [0x00000000ec500000,0x00000000ec500000,0x00000000ec600000)
 ParOldGen       total 68608K, used 16858K [0x00000000c0000000, 0x00000000c4300000, 0x00000000eab00000)
  object space 68608K, 24% used [0x00000000c0000000,0x00000000c1076998,0x00000000c4300000)
 Metaspace       used 30984K, committed 32000K, reserved 1114112K
  class space    used 2920K, committed 3328K, reserved 1048576K
}
Event: 18.600 GC heap after
{Heap after GC invocations=13 (full 1):
 PSYoungGen      total 23040K, used 1023K [0x00000000eab00000, 0x00000000ec780000, 0x0000000100000000)
  eden space 22016K, 0% used [0x00000000eab00000,0x00000000eab00000,0x00000000ec080000)
  from space 1024K, 99% used [0x00000000ec500000,0x00000000ec5ffca8,0x00000000ec600000)
  to   space 3584K, 0% used [0x00000000ec080000,0x00000000ec080000,0x00000000ec400000)
 ParOldGen       total 68608K, used 19058K [0x00000000c0000000, 0x00000000c4300000, 0x00000000eab00000)
  object space 68608K, 27% used [0x00000000c0000000,0x00000000c129cb08,0x00000000c4300000)
 Metaspace       used 30984K, committed 32000K, reserved 1114112K
  class space    used 2920K, committed 3328K, reserved 1048576K
}

